<?xml version="1.0" encoding="UTF-8"?>
<testng-results ignored="0" total="1" passed="1" failed="0" skipped="0">
  <reporter-output>
  </reporter-output>
  <suite started-at="2020-06-21T17:09:21Z" name="Default suite" finished-at="2020-06-21T17:09:21Z" duration-ms="39">
    <groups>
    </groups>
    <test started-at="2020-06-21T17:09:21Z" name="Default test" finished-at="2020-06-21T17:09:21Z" duration-ms="39">
      <class name="MyNew.tests.B">
        <test-method signature="abc()[pri:0, instance:MyNew.tests.B@7a675056]" started-at="2020-06-21T17:09:21Z" name="abc" finished-at="2020-06-21T17:09:21Z" duration-ms="15" status="PASS">
          <reporter-output>
          </reporter-output>
        </test-method> <!-- abc -->
      </class> <!-- MyNew.tests.B -->
    </test> <!-- Default test -->
  </suite> <!-- Default suite -->
</testng-results>
