<?xml version="1.0" encoding="UTF-8"?>
<!-- Generated by org.testng.reporters.JUnitXMLReporter -->
<testsuite ignored="0" hostname="LAPTOP-ABQ76HDR" failures="1" tests="3" name="Test" time="0.27" errors="0" timestamp="21 Jun 2020 09:41:42 GMT">
  <testcase classname="MyNew.tests.AppTest" name="@AfterMethod testAppendM" time="0.0">
    <failure type="java.lang.NullPointerException">
      <![CDATA[java.lang.NullPointerException
at Utilities.BasicExtentReport.getResult(BasicExtentReport.java:56)
at MyNew.tests.AppTest.testAppendM(AppTest.java:42)
... Removed 28 stack frames]]>
    </failure>
  </testcase> <!-- @AfterMethod testAppendM -->
  <testcase classname="MyNew.tests.AppTest" name="@AfterMethod testAppendM" time="0.0">
    <skipped/>
  </testcase> <!-- @AfterMethod testAppendM -->
  <testcase classname="MyNew.tests.AppTest" name="@AfterMethod testAppendM" time="0.0">
    <skipped/>
  </testcase> <!-- @AfterMethod testAppendM -->
  <testcase classname="MyNew.tests.AppTest" name="@AfterTest testAppendT" time="0.0">
    <skipped/>
  </testcase> <!-- @AfterTest testAppendT -->
  <testcase classname="MyNew.tests.AppTest" name="testCase1" time="0.006">
    <failure type="java.lang.NullPointerException">
      <![CDATA[java.lang.NullPointerException
at MyNew.tests.AppTest.testCase1(AppTest.java:22)
... Removed 25 stack frames]]>
    </failure>
  </testcase> <!-- testCase1 -->
  <testcase classname="MyNew.tests.AppTest" name="testCase2" time="0.0">
    <skipped/>
  </testcase> <!-- testCase2 -->
  <testcase classname="MyNew.tests.AppTest" name="testCase3" time="0.0">
    <skipped/>
  </testcase> <!-- testCase3 -->
</testsuite> <!-- Test -->
