<?xml version="1.0" encoding="UTF-8"?>
<!-- Generated by org.testng.reporters.JUnitXMLReporter -->
<testsuite ignored="0" hostname="LAPTOP-ABQ76HDR" failures="0" tests="6" name="Test" time="1.069" errors="0" timestamp="21 Jun 2020 17:06:31 GMT">
  <testcase classname="MyNew.tests.AppTest" name="testCase1" time="0.016"/>
  <testcase classname="MyNew.tests.AppTest" name="testCase2" time="0.0"/>
  <testcase classname="MyNew.tests.AppTest" name="testCase3" time="0.0"/>
  <testcase classname="MyNew.tests.AppTest2" name="testApp" time="0.0"/>
  <testcase classname="MyNew.tests.AppTest2" name="testCase2" time="0.0"/>
  <testcase classname="MyNew.tests.AppTest2" name="testCase3" time="0.0"/>
</testsuite> <!-- Test -->
